<?xml version="1.0" encoding="UTF-8"?>
<!-- Generated by org.testng.reporters.JUnitReportReporter -->
<testsuite hostname="Bindhu" failures="0" tests="2" name="com.test.First_Test" time="27.411" errors="0" timestamp="2025-07-29T16:30:18 IST" skipped="0">
  <testcase classname="com.test.First_Test" name="Google" time="8.510"/>
  <testcase classname="com.test.First_Test" name="Facebook" time="18.901"/>
</testsuite> <!-- com.test.First_Test -->
