<?xml version="1.0" encoding="UTF-8"?>
<!-- Generated by org.testng.reporters.JUnitReportReporter -->
<testsuite hostname="Bindhu" failures="0" tests="2" name="com.test.Annotation" time="0.018" errors="0" timestamp="2025-07-30T16:59:26 IST" skipped="0">
  <testcase classname="com.test.Annotation" name="testmethod2" time="0.007"/>
  <testcase classname="com.test.Annotation" name="testmethod1" time="0.011"/>
</testsuite> <!-- com.test.Annotation -->
